Der Buildvorgang wurde am 20.06.2017 21:57:44 gestartet.
     1>Projekt "C:\Users\Cald\documents\visual studio 2013\Projects\FirstAidSim\FirstAidSim\FirstAidSim.vcxproj" auf Knoten "2", Build Ziel(e).
     1>ClCompile:
         C:\Program Files (x86)\Microsoft Visual Studio 12.0\VC\bin\CL.exe /c /ZI /nologo /W3 /WX- /sdl /Od /Oy- /D _MBCS /Gm /EHsc /RTC1 /MDd /GS /fp:precise /Zc:wchar_t /Zc:forScope /Fo"Debug\\" /Fd"Debug\vc120.pdb" /Gd /TP /analyze- /errorReport:prompt FirstAidSimulation.cpp
         FirstAidSimulation.cpp
     1>c:\users\cald\documents\visual studio 2013\projects\firstaidsim\firstaidsim\simrandom.h(77): warning C4244: 'return': Konvertierung von 'double' in 'int', möglicher Datenverlust
     1>c:\users\cald\documents\visual studio 2013\projects\firstaidsim\firstaidsim\simrandom.h(88): warning C4244: 'Argument': Konvertierung von 'double' in 'int', möglicher Datenverlust
       Link:
         C:\Program Files (x86)\Microsoft Visual Studio 12.0\VC\bin\link.exe /ERRORREPORT:PROMPT /OUT:"C:\Users\Cald\documents\visual studio 2013\Projects\FirstAidSim\Debug\FirstAidSim.exe" /INCREMENTAL /NOLOGO kernel32.lib user32.lib gdi32.lib winspool.lib comdlg32.lib advapi32.lib shell32.lib ole32.lib oleaut32.lib uuid.lib odbc32.lib odbccp32.lib /MANIFEST /MANIFESTUAC:"level='asInvoker' uiAccess='false'" /manifest:embed /DEBUG /PDB:"C:\Users\Cald\documents\visual studio 2013\Projects\FirstAidSim\Debug\FirstAidSim.pdb" /TLBID:1 /DYNAMICBASE /NXCOMPAT /IMPLIB:"C:\Users\Cald\documents\visual studio 2013\Projects\FirstAidSim\Debug\FirstAidSim.lib" /MACHINE:X86 Debug\Doctor.obj
         Debug\Emergency.obj
         Debug\EmergencyList.obj
         Debug\FirstAidSimulation.obj
         Debug\QueueStrategy.obj
         Debug\SimData.obj
         Debug\SimRandom.obj
         Debug\SimTime.obj
         FirstAidSim.vcxproj -> C:\Users\Cald\documents\visual studio 2013\Projects\FirstAidSim\Debug\FirstAidSim.exe
     1>Die Erstellung des Projekts "C:\Users\Cald\documents\visual studio 2013\Projects\FirstAidSim\FirstAidSim\FirstAidSim.vcxproj" ist abgeschlossen, Build Ziel(e).

Build erfolgreich.

Verstrichene Zeit 00:00:03.53
